00:01:05 [INFO] 🔥 [机会 #4] FUN/USDT | binance → kucoin | 净利: 3315.56% (毛利 3325.83%)
   🟢 买价: 0.001355     | 可买入: 553709.000000 FUN (750.3 USDT)
   🔴 卖价: 0.04642      | 可卖出: 5372.300000 FUN (249.4 USDT)
   📊 24h量: 969104 / 406121 USDT
00:01:28 [INFO] 🔥 [机会 #5] IOTX/USDT | binance → kucoin | 净利: 14.94% (毛利 15.29%)
   🟢 买价: 0.00471      | 可买入: 61528.000000 IOTX (289.8 USDT)
   🔴 卖价: 0.00543      | 可卖出: 41423.802100 IOTX (224.9 USDT)
   📊 24h量: 635521 / 43136 USDT
00:01:28 [INFO] 🔥 [机会 #6] IOTX/USDT | bitget → kucoin | 净利: 14.10% (毛利 14.56%)
   🟢 买价: 0.00474      | 可买入: 57562.000000 IOTX (272.8 USDT)
   🔴 卖价: 0.00543      | 可卖出: 41423.802100 IOTX (224.9 USDT)
   📊 24h量: 47813 / 43136 USDT
00:01:30 [INFO] 🔥 [机会 #7] IOTX/USDT | mexc → kucoin | 净利: 14.58% (毛利 15.04%)
   🟢 买价: 0.00472      | 可买入: 41964.000000 IOTX (198.1 USDT)
   🔴 卖价: 0.00543      | 可卖出: 41423.802100 IOTX (224.9 USDT)
   📊 24h量: 225160 / 43136 USDT
00:01:45 [INFO] 🔥 [机会 #8] MARS4/USDT | mexc → kucoin | 净利: 1.15% (毛利 1.56%)
   🟢 买价: 0.00077789   | 可买入: 631948.660000 MARS4 (491.6 USDT)
   🔴 卖价: 0.00079      | 可卖出: 502089.061000 MARS4 (396.7 USDT)
   📊 24h量: 63563 / 143748 USDT
00:02:47 [INFO] 🔥 [机会 #9] MARS4/USDT | mexc → kucoin | 净利: 1.15% (毛利 1.56%)
   🟢 买价: 0.00077789   | 可买入: 631948.660000 MARS4 (491.6 USDT)
   🔴 卖价: 0.00079      | 可卖出: 502089.061000 MARS4 (396.7 USDT)
   📊 24h量: 63610 / 144156 USDT
00:02:51 [INFO] 🔥 [机会 #10] VANRY/USDT | mexc → binance | 净利: 1.05% (毛利 1.35%)
   🟢 买价: 0.005251     | 可买入: 22848.000000 VANRY (120.0 USDT)
   🔴 卖价: 0.005322     | 可卖出: 42373.000000 VANRY (225.5 USDT)
   📊 24h量: 154849 / 264640 USDT
00:03:21 [INFO] 🔥 [机会 #11] FUN/USDT | binance → kucoin | 净利: 3299.51% (毛利 3309.73%)
   🟢 买价: 0.001357     | 可买入: 106547.000000 FUN (144.6 USDT)
   🔴 卖价: 0.04627      | 可卖出: 5404.800000 FUN (250.1 USDT)
   📊 24h量: 970360 / 394763 USDT
00:03:26 [INFO] 🔥 [机会 #12] IOTX/USDT | binance → kucoin | 净利: 14.46% (毛利 14.80%)
   🟢 买价: 0.00473      | 可买入: 117634.000000 IOTX (556.4 USDT)
   🔴 卖价: 0.00543      | 可卖出: 39595.648600 IOTX (215.0 USDT)
   📊 24h量: 634264 / 43196 USDT
00:03:34 [INFO] 🔥 [机会 #13] ENSO/USDT | mexc → binance | 净利: 0.81% (毛利 1.12%)
   🟢 买价: 2.6593       | 可买入: 269.860000 ENSO (717.6 USDT)
   🔴 卖价: 2.689        | 可卖出: 319.040000 ENSO (857.9 USDT)
   📊 24h量: 1029454 / 25910825 USDT
00:03:48 [INFO] 🔥 [机会 #14] MARS4/USDT | mexc → kucoin | 净利: 1.15% (毛利 1.56%)
   🟢 买价: 0.00077789   | 可买入: 631948.660000 MARS4 (491.6 USDT)
   🔴 卖价: 0.00079      | 可卖出: 502089.061000 MARS4 (396.7 USDT)
   📊 24h量: 63656 / 144140 USDT
00:04:05 [INFO] 🔥 [机会 #15] FUN/USDT | binance → mexc | 净利: 3286.28% (毛利 3296.46%)
   🟢 买价: 0.001357     | 可买入: 264946.000000 FUN (359.5 USDT)
   🔴 卖价: 0.04609      | 可卖出: 11560.580000 FUN (532.8 USDT)
   📊 24h量: 970081 / 259776 USDT
00:04:06 [INFO] 🔥 [机会 #16] NEIRO/USDT | okx → mexc | 净利: 140.94% (毛利 141.67%)
   🟢 买价: 6.749e-05    | 可买入: 7957611.000000 NEIRO (537.1 USDT)
   🔴 卖价: 0.0001631    | 可卖出: 642275.430000 NEIRO (104.8 USDT)
   📊 24h量: 430744 / 53062 USDT
00:04:09 [INFO] 🔥 [机会 #17] NEIRO/USDT | binance → mexc | 净利: 140.83% (毛利 141.56%)
   🟢 买价: 6.752e-05    | 可买入: 6711307.000000 NEIRO (453.1 USDT)
   🔴 卖价: 0.0001631    | 可卖出: 642275.430000 NEIRO (104.8 USDT)
   📊 24h量: 2173375 / 53062 USDT
00:04:17 [INFO] 🔥 [机会 #18] FUN/USDT | binance → bitget | 净利: 3279.99% (毛利 3290.15%)
   🟢 买价: 0.001361     | 可买入: 257302.000000 FUN (350.2 USDT)
   🔴 卖价: 0.04614      | 可卖出: 7467.300000 FUN (344.5 USDT)
   📊 24h量: 969305 / 1744108 USDT
00:04:19 [INFO] 🔥 [机会 #19] BULLA/USDT | mexc → kucoin | 净利: 158.03% (毛利 159.06%)
   🟢 买价: 0.0213       | 可买入: 45805.000000 BULLA (975.6 USDT)
   🔴 卖价: 0.05518      | 可卖出: 2025.300000 BULLA (111.8 USDT)
   📊 24h量: 8527838 / 1559542 USDT
00:04:51 [INFO] 🔥 [机会 #20] MARS4/USDT | mexc → kucoin | 净利: 1.15% (毛利 1.56%)
   🟢 买价: 0.00077789   | 可买入: 631948.660000 MARS4 (491.6 USDT)
   🔴 卖价: 0.00079      | 可卖出: 502089.061000 MARS4 (396.7 USDT)
   📊 24h量: 63725 / 144071 USDT
00:05:10 [INFO] 🔥 [机会 #21] IOTX/USDT | binance → kucoin | 净利: 14.94% (毛利 15.29%)
   🟢 买价: 0.00471      | 可买入: 55390.000000 IOTX (260.9 USDT)
   🔴 卖价: 0.00543      | 可卖出: 39595.648600 IOTX (215.0 USDT)
   📊 24h量: 635302 / 43196 USDT
00:05:15 [INFO] 🔥 [机会 #22] FUN/USDT | binance → mexc | 净利: 3278.37% (毛利 3288.52%)
   🟢 买价: 0.001359     | 可买入: 295089.000000 FUN (401.0 USDT)
   🔴 卖价: 0.04605      | 可卖出: 16688.020000 FUN (768.5 USDT)
   📊 24h量: 969280 / 259786 USDT
00:05:54 [INFO] 🔥 [机会 #23] NEIRO/USDT | okx → kucoin | 净利: 915.36% (毛利 918.41%)
   🟢 买价: 6.736e-05    | 可买入: 1963186.000000 NEIRO (132.2 USDT)
   🔴 卖价: 0.000686     | 可卖出: 209876.000000 NEIRO (144.0 USDT)
   📊 24h量: 431166 / 6283 USDT
00:05:54 [INFO] 🔥 [机会 #24] NEIRO/USDT | okx → mexc | 净利: 141.41% (毛利 142.13%)
   🟢 买价: 6.736e-05    | 可买入: 1963186.000000 NEIRO (132.2 USDT)
   🔴 卖价: 0.0001631    | 可卖出: 642342.350000 NEIRO (104.8 USDT)
   📊 24h量: 431166 / 53042 USDT
00:06:10 [INFO] 🔥 [机会 #25] FUN/USDT | binance → kucoin | 净利: 3299.21% (毛利 3309.43%)
   🟢 买价: 0.001358     | 可买入: 570219.000000 FUN (774.4 USDT)
   🔴 卖价: 0.0463       | 可卖出: 5413.500000 FUN (250.6 USDT)
   📊 24h量: 971449 / 387216 USDT
00:06:32 [INFO] 🔥 [机会 #26] IOTX/USDT | bitget → kucoin | 净利: 14.10% (毛利 14.56%)
   🟢 买价: 0.00474      | 可买入: 52742.000000 IOTX (250.0 USDT)
   🔴 卖价: 0.00543      | 可卖出: 39595.648600 IOTX (215.0 USDT)
   📊 24h量: 47788 / 43196 USDT
00:06:32 [INFO] 🔥 [机会 #27] IOTX/USDT | binance → kucoin | 净利: 14.46% (毛利 14.80%)
   🟢 买价: 0.00473      | 可买入: 96888.000000 IOTX (458.3 USDT)
   🔴 卖价: 0.00543      | 可卖出: 39595.648600 IOTX (215.0 USDT)
   📊 24h量: 636288 / 43196 USDT
00:06:32 [INFO] 🔥 [机会 #28] IOTX/USDT | mexc → kucoin | 净利: 14.32% (毛利 14.77%)
   🟢 买价: 0.004731     | 可买入: 121122.400000 IOTX (573.0 USDT)
   🔴 卖价: 0.00543      | 可卖出: 39595.648600 IOTX (215.0 USDT)
   📊 24h量: 225406 / 43196 USDT
00:06:41 [INFO] 🔥 [机会 #29] RVV/USDT | bitget → kucoin | 净利: 134.70% (毛利 135.65%)
   🟢 买价: 0.0002177    | 可买入: 622182.400000 RVV (135.4 USDT)
   🔴 卖价: 0.000513     | 可卖出: 212017.000000 RVV (108.8 USDT)
   📊 24h量: 51082 / 9696 USDT
00:06:54 [INFO] 🔥 [机会 #30] NEIRO/USDT | okx → mexc | 净利: 141.26% (毛利 141.99%)
   🟢 买价: 6.74e-05     | 可买入: 1483827.000000 NEIRO (100.0 USDT)
   🔴 卖价: 0.0001631    | 可卖出: 642275.430000 NEIRO (104.8 USDT)
   📊 24h量: 431230 / 53078 USDT
00:06:56 [INFO] 🔥 [机会 #31] BULLA/USDT | mexc → kucoin | 净利: 155.30% (毛利 156.33%)
   🟢 买价: 0.02173      | 可买入: 20000.000000 BULLA (434.6 USDT)
   🔴 卖价: 0.0557       | 可卖出: 1857.300000 BULLA (103.5 USDT)
   📊 24h量: 8526587 / 1550066 USDT
00:07:10 [INFO] 🔥 [机会 #32] NEIRO/USDT | okx → kucoin | 净利: 911.32% (毛利 914.36%)
   🟢 买价: 6.753e-05    | 可买入: 1481065.000000 NEIRO (100.0 USDT)
   🔴 卖价: 0.000685     | 可卖出: 210183.000000 NEIRO (144.0 USDT)
   📊 24h量: 431266 / 6283 USDT
00:07:10 [INFO] 🔥 [机会 #33] ETHFI/USDT | kucoin → binance | 净利: 1.01% (毛利 1.32%)
   🟢 买价: 0.4856       | 可买入: 411.000000 ETHFI (199.6 USDT)
   🔴 卖价: 0.492        | 可卖出: 19430.500000 ETHFI (9559.8 USDT)
   📊 24h量: 728128 / 6263923 USDT
00:07:10 [INFO] 🔥 [机会 #34] ETHFI/USDT | mexc → binance | 净利: 1.12% (毛利 1.42%)
   🟢 买价: 0.4851       | 可买入: 479.240000 ETHFI (232.5 USDT)
   🔴 卖价: 0.492        | 可卖出: 19430.500000 ETHFI (9559.8 USDT)
   📊 24h量: 4099167 / 6263923 USDT
00:07:12 [INFO] 🔥 [机会 #35] ETHFI/USDT | mexc → kucoin | 净利: 1.00% (毛利 1.40%)
   🟢 买价: 0.4851       | 可买入: 479.240000 ETHFI (232.5 USDT)
   🔴 卖价: 0.4919       | 可卖出: 406.000000 ETHFI (199.7 USDT)
   📊 24h量: 4099167 / 728128 USDT
00:07:13 [INFO] 🔥 [机会 #36] ETHFI/USDT | mexc → okx | 净利: 1.14% (毛利 1.44%)
   🟢 买价: 0.4851       | 可买入: 479.240000 ETHFI (232.5 USDT)
   🔴 卖价: 0.4921       | 可卖出: 203.231000 ETHFI (100.0 USDT)
   📊 24h量: 4099167 / 1885449 USDT
00:07:13 [INFO] 🔥 [机会 #37] ETHFI/USDT | mexc → bitget | 净利: 1.00% (毛利 1.40%)
   🟢 买价: 0.4851       | 可买入: 479.240000 ETHFI (232.5 USDT)
   🔴 卖价: 0.4919       | 可卖出: 1950.820000 ETHFI (959.6 USDT)
   📊 24h量: 4099167 / 358829 USDT
00:07:15 [INFO] 🔥 [机会 #38] FUN/USDT | binance → kucoin | 净利: 3300.54% (毛利 3310.77%)
   🟢 买价: 0.001356     | 可买入: 587157.000000 FUN (796.2 USDT)
   🔴 卖价: 0.04625      | 可卖出: 5733.200000 FUN (265.2 USDT)
   📊 24h量: 971363 / 386380 USDT
00:07:49 [INFO] 🔥 [机会 #39] IOTX/USDT | binance → kucoin | 净利: 14.70% (毛利 15.04%)
   🟢 买价: 0.00472      | 可买入: 89756.000000 IOTX (423.6 USDT)
   🔴 卖价: 0.00543      | 可卖出: 39595.648600 IOTX (215.0 USDT)
   📊 24h量: 634945 / 43024 USDT
00:07:50 [INFO] 🔥 [机会 #40] IOTX/USDT | bitget → kucoin | 净利: 14.10% (毛利 14.56%)
   🟢 买价: 0.00474      | 可买入: 52742.000000 IOTX (250.0 USDT)
   🔴 卖价: 0.00543      | 可卖出: 39595.648600 IOTX (215.0 USDT)
   📊 24h量: 47785 / 43024 USDT
00:07:57 [INFO] 🔥 [机会 #41] NEIRO/USDT | okx → mexc | 净利: 140.69% (毛利 141.42%)
   🟢 买价: 6.756e-05    | 可买入: 1480313.000000 NEIRO (100.0 USDT)
   🔴 卖价: 0.0001631    | 可卖出: 642275.430000 NEIRO (104.8 USDT)
   📊 24h量: 431477 / 53145 USDT
00:08:01 [INFO] 🔥 [机会 #42] NEIRO/USDT | binance → mexc | 净利: 140.55% (毛利 141.27%)
   🟢 买价: 6.76e-05     | 可买入: 28208745.000000 NEIRO (1906.9 USDT)
   🔴 卖价: 0.0001631    | 可卖出: 642275.430000 NEIRO (104.8 USDT)
   📊 24h量: 2192962 / 53145 USDT
00:08:45 [INFO] 🔥 [机会 #43] FUN/USDT | binance → kucoin | 净利: 3297.60% (毛利 3307.82%)
   🟢 买价: 0.001356     | 可买入: 507991.000000 FUN (688.8 USDT)
   🔴 卖价: 0.04621      | 可卖出: 5409.400000 FUN (250.0 USDT)
   📊 24h量: 970719 / 386253 USDT
00:08:58 [INFO] 🔥 [机会 #44] NEIRO/USDT | okx → mexc | 净利: 140.80% (毛利 141.52%)
   🟢 买价: 6.753e-05    | 可买入: 1680971.000000 NEIRO (113.5 USDT)
   🔴 卖价: 0.0001631    | 可卖出: 642275.430000 NEIRO (104.8 USDT)
   📊 24h量: 431494 / 53188 USDT
00:09:09 [INFO] 🔥 [机会 #45] NEIRO/USDT | binance → mexc | 净利: 140.58% (毛利 141.31%)
   🟢 买价: 6.759e-05    | 可买入: 11605422.000000 NEIRO (784.4 USDT)
   🔴 卖价: 0.0001631    | 可卖出: 642275.430000 NEIRO (104.8 USDT)
   📊 24h量: 2190846 / 53188 USDT
00:09:09 [INFO] 🔥 [机会 #46] ESP/USDT | kucoin → binance | 净利: 0.91% (毛利 1.22%)
   🟢 买价: 0.16377      | 可买入: 873.600000 ESP (143.1 USDT)
   🔴 卖价: 0.16576      | 可卖出: 5461.000000 ESP (905.2 USDT)
   📊 24h量: 10814468 / 102585711 USDT
00:09:10 [INFO] 🔥 [机会 #47] NEIRO/USDT | okx → kucoin | 净利: 911.90% (毛利 914.94%)
   🟢 买价: 6.759e-05    | 可买入: 7457966.000000 NEIRO (504.1 USDT)
   🔴 卖价: 0.000686     | 可卖出: 290029.000000 NEIRO (199.0 USDT)
   📊 24h量: 431264 / 6283 USDT
00:09:10 [INFO] 🔥 [机会 #48] NEIRO/USDT | binance → kucoin | 净利: 911.90% (毛利 914.94%)
   🟢 买价: 6.759e-05    | 可买入: 11605422.000000 NEIRO (784.4 USDT)
   🔴 卖价: 0.000686     | 可卖出: 290029.000000 NEIRO (199.0 USDT)
   📊 24h量: 2190846 / 6283 USDT
00:09:29 [WARNING] ⚠️ [bitget] 连接抖动: bitget GET https://api.bitget.com/api/v2/spot/market/tickers... 5秒后重试
00:09:29 [WARNING] ⚠️ [binance] 连接抖动: Connection closed by remote server, closing code 1006... 5秒后重试
00:09:53 [INFO] 🔥 [机会 #49] IOTX/USDT | bitget → kucoin | 净利: 14.34% (毛利 14.80%)
   🟢 买价: 0.00473      | 可买入: 52854.000000 IOTX (250.0 USDT)
   🔴 卖价: 0.00543      | 可卖出: 38899.648600 IOTX (211.2 USDT)
   📊 24h量: 47785 / 43024 USDT
00:09:58 [INFO] 🔥 [机会 #50] ESP/USDT | kucoin → mexc | 净利: 0.91% (毛利 1.32%)
   🟢 买价: 0.16573      | 可买入: 15284.500000 ESP (2533.1 USDT)
   🔴 卖价: 0.16791      | 可卖出: 666.000000 ESP (111.8 USDT)
   📊 24h量: 10815874 / 1851222 USDT
00:10:08 [INFO] 🔥 [机会 #51] IOTX/USDT | binance → kucoin | 净利: 14.94% (毛利 15.29%)
   🟢 买价: 0.00471      | 可买入: 117586.000000 IOTX (553.8 USDT)
   🔴 卖价: 0.00543      | 可卖出: 38899.648600 IOTX (211.2 USDT)
   📊 24h量: 634819 / 43032 USDT
00:10:09 [INFO] 🔥 [机会 #52] IOTX/USDT | mexc → kucoin | 净利: 14.75% (毛利 15.21%)
   🟢 买价: 0.004713     | 可买入: 42064.000000 IOTX (198.2 USDT)
   🔴 卖价: 0.00543      | 可卖出: 38899.648600 IOTX (211.2 USDT)
   📊 24h量: 225376 / 43032 USDT
00:10:30 [INFO] 🔥 [机会 #53] NEIRO/USDT | okx → mexc | 净利: 141.48% (毛利 142.20%)
   🟢 买价: 6.734e-05    | 可买入: 1485149.000000 NEIRO (100.0 USDT)
   🔴 卖价: 0.0001631    | 可卖出: 642275.430000 NEIRO (104.8 USDT)
   📊 24h量: 431369 / 53220 USDT
00:10:46 [INFO] 🔥 [机会 #54] FUN/USDT | binance → bitget | 净利: 3280.82% (毛利 3290.98%)
   🟢 买价: 0.001353     | 可买入: 172961.000000 FUN (234.0 USDT)
   🔴 卖价: 0.04588      | 可卖出: 23923.000000 FUN (1097.6 USDT)
   📊 24h量: 969278 / 1741992 USDT
00:10:47 [INFO] 🔥 [机会 #55] FUN/USDT | binance → mexc | 净利: 3275.66% (毛利 3285.81%)
   🟢 买价: 0.001353     | 可买入: 172961.000000 FUN (234.0 USDT)
   🔴 卖价: 0.04581      | 可卖出: 11609.230000 FUN (531.8 USDT)
   📊 24h量: 969278 / 236291 USDT
00:11:09 [INFO] 🔥 [机会 #56] FUN/USDT | binance → kucoin | 净利: 3282.29% (毛利 3292.46%)
   🟢 买价: 0.001353     | 可买入: 172436.000000 FUN (233.3 USDT)
   🔴 卖价: 0.0459       | 可卖出: 5449.500000 FUN (250.1 USDT)
   📊 24h量: 969257 / 383727 USDT
00:11:12 [INFO] 🔥 [机会 #57] NEIRO/USDT | okx → kucoin | 净利: 905.14% (毛利 908.17%)
   🟢 买价: 6.735e-05    | 可买入: 1684929.000000 NEIRO (113.5 USDT)
   🔴 卖价: 0.000679     | 可卖出: 292193.000000 NEIRO (198.4 USDT)
   📊 24h量: 431407 / 6283 USDT
00:11:29 [WARNING] ⚠️ [kucoin] 连接抖动: kucoin GET https://api.kucoin.com/api/v1/market/allTickers... 5秒后重试
00:11:31 [WARNING] ⚠️ [bitget] 连接抖动: bitget GET https://api.bitget.com/api/v2/spot/market/tickers... 5秒后重试
00:11:38 [INFO] 🔥 [机会 #58] BULLA/USDT | mexc → kucoin | 净利: 157.05% (毛利 158.08%)
   🟢 买价: 0.02214      | 可买入: 44776.000000 BULLA (991.3 USDT)
   🔴 卖价: 0.05714      | 可卖出: 2584.500000 BULLA (147.7 USDT)
   📊 24h量: 8530428 / 1541383 USDT
00:11:47 [INFO] 🔥 [机会 #59] ULTIMA/USDT | kucoin → mexc | 净利: 0.82% (毛利 1.23%)
   🟢 买价: 5192.71      | 可买入: 0.029000 ULTIMA (150.6 USDT)
   🔴 卖价: 5256.33      | 可卖出: 0.180600 ULTIMA (949.3 USDT)
   📊 24h量: 770656 / 792774 USDT
00:11:55 [INFO] 🔥 [机会 #60] NEIRO/USDT | okx → mexc | 净利: 141.44% (毛利 142.17%)
   🟢 买价: 6.735e-05    | 可买入: 1484929.000000 NEIRO (100.0 USDT)
   🔴 卖价: 0.0001631    | 可卖出: 642275.430000 NEIRO (104.8 USDT)
   📊 24h量: 431496 / 53197 USDT
00:12:17 [WARNING] ⚠️ [okx] 连接抖动: okx GET https://www.okx.com/api/v5/market/tickers?instType=SPOT... 5秒后重试
00:12:20 [WARNING] ⚠️ [binance] 连接抖动: Connection closed by remote server, closing code 1006... 5秒后重试
00:12:26 [INFO] 🔥 [机会 #61] BYTE/USDT | bitget → mexc | 净利: 4.87% (毛利 5.29%)
   🟢 买价: 0.00014      | 可买入: 1302866.540000 BYTE (182.4 USDT)
   🔴 卖价: 0.0001474    | 可卖出: 1041703.320000 BYTE (153.5 USDT)
   📊 24h量: 9241 / 57106 USDT
00:12:29 [INFO] 🔥 [机会 #62] FUN/USDT | binance → kucoin | 净利: 3265.35% (毛利 3275.46%)
   🟢 买价: 0.001353     | 可买入: 230631.000000 FUN (312.0 USDT)
   🔴 卖价: 0.04567      | 可卖出: 5475.800000 FUN (250.1 USDT)
   📊 24h量: 969560 / 386882 USDT
00:12:33 [INFO] 🔥 [机会 #63] FUN/USDT | binance → bitget | 净利: 3266.08% (毛利 3276.20%)
   🟢 买价: 0.001353     | 可买入: 230631.000000 FUN (312.0 USDT)
   🔴 卖价: 0.04568      | 可卖出: 23996.000000 FUN (1096.1 USDT)
   📊 24h量: 969560 / 1745600 USDT
00:12:35 [INFO] 🔥 [机会 #64] ESP/USDT | kucoin → binance | 净利: 0.89% (毛利 1.19%)
   🟢 买价: 0.16295      | 可买入: 1000.000000 ESP (163.0 USDT)
   🔴 卖价: 0.16489      | 可卖出: 1980.000000 ESP (326.5 USDT)
   📊 24h量: 10805190 / 102452521 USDT
00:12:38 [INFO] 🔥 [机会 #65] BULLA/USDT | mexc → kucoin | 净利: 155.31% (毛利 156.33%)
   🟢 买价: 0.02235      | 可买入: 43972.000000 BULLA (982.8 USDT)
   🔴 卖价: 0.05729      | 可卖出: 2728.300000 BULLA (156.3 USDT)
   📊 24h量: 8529646 / 1540455 USDT
00:12:53 [INFO] 🔥 [机会 #66] ULTIMA/USDT | kucoin → mexc | 净利: 1.34% (毛利 1.75%)
   🟢 买价: 5186.45      | 可买入: 0.308000 ULTIMA (1597.4 USDT)
   🔴 卖价: 5277.0       | 可卖出: 0.035400 ULTIMA (186.8 USDT)
   📊 24h量: 771405 / 793605 USDT
00:13:12 [INFO] 🔥 [机会 #67] MARS4/USDT | mexc → kucoin | 净利: 1.15% (毛利 1.56%)
   🟢 买价: 0.00077789   | 可买入: 631948.660000 MARS4 (491.6 USDT)
   🔴 卖价: 0.00079      | 可卖出: 502089.061000 MARS4 (396.7 USDT)
   📊 24h量: 63920 / 144366 USDT
00:13:16 [INFO] 🔥 [机会 #68] OSMO/USDT | mexc → kucoin | 净利: 1.63% (毛利 2.03%)
   🟢 买价: 0.0344       | 可买入: 18408.770000 OSMO (633.3 USDT)
   🔴 卖价: 0.0351       | 可卖出: 10292.353800 OSMO (361.3 USDT)
   📊 24h量: 62707 / 7434 USDT
00:13:33 [INFO] 🔥 [机会 #69] FUN/USDT | binance → bitget | 净利: 3267.74% (毛利 3277.86%)
   🟢 买价: 0.001355     | 可买入: 367239.000000 FUN (497.6 USDT)
   🔴 卖价: 0.04577      | 可卖出: 24023.000000 FUN (1099.5 USDT)
   📊 24h量: 969603 / 1743506 USDT
00:13:49 [INFO] 🔥 [机会 #70] NEIRO/USDT | okx → mexc | 净利: 140.80% (毛利 141.52%)
   🟢 买价: 6.753e-05    | 可买入: 1518744.000000 NEIRO (102.6 USDT)
   🔴 卖价: 0.0001631    | 可卖出: 642275.430000 NEIRO (104.8 USDT)
   📊 24h量: 431628 / 53185 USDT
00:13:53 [INFO] 🔥 [机会 #71] ULTIMA/USDT | kucoin → mexc | 净利: 1.69% (毛利 2.10%)
   🟢 买价: 5168.56      | 可买入: 0.308000 ULTIMA (1591.9 USDT)
   🔴 卖价: 5277.0       | 可卖出: 0.023100 ULTIMA (121.9 USDT)
   📊 24h量: 772157 / 797072 USDT
00:13:55 [INFO] 🔥 [机会 #72] NEIRO/USDT | okx → kucoin | 净利: 914.28% (毛利 917.33%)
   🟢 买价: 6.753e-05    | 可买入: 1718976.000000 NEIRO (116.1 USDT)
   🔴 卖价: 0.000687     | 可卖出: 209571.000000 NEIRO (144.0 USDT)
   📊 24h量: 431628 / 6283 USDT
00:14:06 [INFO] 🔥 [机会 #73] FUN/USDT | binance → kucoin | 净利: 3270.68% (毛利 3280.81%)
   🟢 买价: 0.001355     | 可买入: 367239.000000 FUN (497.6 USDT)
   🔴 卖价: 0.04581      | 可卖出: 5457.300000 FUN (250.0 USDT)
   📊 24h量: 969558 / 386714 USDT
00:14:06 [INFO] 🔥 [机会 #74] IOTX/USDT | bitget → kucoin | 净利: 13.65% (毛利 14.11%)
   🟢 买价: 0.00475      | 可买入: 57729.000000 IOTX (274.2 USDT)
   🔴 卖价: 0.00542      | 可卖出: 45483.716800 IOTX (246.5 USDT)
   📊 24h量: 47752 / 43567 USDT
00:14:08 [INFO] 🔥 [机会 #75] BULLA/USDT | mexc → kucoin | 净利: 146.47% (毛利 147.46%)
   🟢 买价: 0.02223      | 可买入: 47152.000000 BULLA (1048.2 USDT)
   🔴 卖价: 0.05501      | 可卖出: 12975.900000 BULLA (713.8 USDT)
   📊 24h量: 8533939 / 1536963 USDT
00:14:08 [INFO] 🔥 [机会 #76] FUN/USDT | binance → mexc | 净利: 3266.26% (毛利 3276.38%)
   🟢 买价: 0.001355     | 可买入: 367239.000000 FUN (497.6 USDT)
   🔴 卖价: 0.04575      | 可卖出: 15649.800000 FUN (716.0 USDT)
   📊 24h量: 969558 / 216773 USDT
00:14:13 [INFO] 🔥 [机会 #77] IOTX/USDT | binance → kucoin | 净利: 14.49% (毛利 14.83%)
   🟢 买价: 0.00472      | 可买入: 24750.000000 IOTX (116.8 USDT)
   🔴 卖价: 0.00542      | 可卖出: 27031.318100 IOTX (146.5 USDT)
   📊 24h量: 634542 / 43567 USDT
00:14:34 [INFO] 🔥 [机会 #78] FUN/USDT | binance → bitget | 净利: 3270.68% (毛利 3280.81%)
   🟢 买价: 0.001355     | 可买入: 108897.000000 FUN (147.6 USDT)
   🔴 卖价: 0.04581      | 可卖出: 3228.300000 FUN (147.9 USDT)
   📊 24h量: 969435 / 1742291 USDT
00:14:59 [WARNING] ⚠️ [okx] 连接抖动: okx GET https://www.okx.com/api/v5/market/tickers?instType=SPOT... 5秒后重试
00:15:12 [WARNING] ⚠️ [okx] 连接抖动: okx GET https://www.okx.com/api/v5/market/tickers?instType=SPOT... 5秒后重试
00:15:15 [INFO] 🔥 [机会 #79] BULLA/USDT | mexc → kucoin | 净利: 142.37% (毛利 143.34%)
   🟢 买价: 0.02261      | 可买入: 5577.780000 BULLA (126.1 USDT)
   🔴 卖价: 0.05502      | 可卖出: 12949.000000 BULLA (712.5 USDT)
   📊 24h量: 8530646 / 1532281 USDT
00:15:44 [INFO] 🔥 [机会 #80] OSMO/USDT | binance → kucoin | 净利: 0.86% (毛利 1.16%)
   🟢 买价: 0.0344       | 可买入: 24165.590000 OSMO (831.3 USDT)
   🔴 卖价: 0.0348       | 可卖出: 6914.504600 OSMO (240.6 USDT)
   📊 24h量: 115105 / 7963 USDT
00:15:47 [INFO] 🔥 [机会 #81] FUN/USDT | binance → kucoin | 净利: 3277.26% (毛利 3287.41%)
   🟢 买价: 0.00135      | 可买入: 275521.000000 FUN (372.0 USDT)
   🔴 卖价: 0.04573      | 可卖出: 5859.300000 FUN (267.9 USDT)
   📊 24h量: 976357 / 386690 USDT
00:15:49 [WARNING] ⚠️ [okx] 连接抖动: okx GET https://www.okx.com/api/v5/market/tickers?instType=SPOT... 5秒后重试
00:15:52 [WARNING] ⚠️ [mexc] 连接抖动: mexc GET https://api.mexc.com/api/v3/ticker/24hr... 5秒后重试
00:15:53 [INFO] 🔥 [机会 #82] FUN/USDT | binance → bitget | 净利: 3277.54% (毛利 3287.69%)
   🟢 买价: 0.001349     | 可买入: 182312.000000 FUN (245.9 USDT)
   🔴 卖价: 0.0457       | 可卖出: 24087.000000 FUN (1100.8 USDT)
   📊 24h量: 976345 / 1741746 USDT
00:16:01 [INFO] 🔥 [机会 #83] OSMO/USDT | mexc → kucoin | 净利: 3.08% (毛利 3.49%)
   🟢 买价: 0.0344       | 可买入: 18028.230000 OSMO (620.2 USDT)
   🔴 卖价: 0.0356       | 可卖出: 10660.965100 OSMO (379.5 USDT)
   📊 24h量: 63041 / 8111 USDT
00:16:14 [WARNING] ⚠️ [okx] 连接抖动: okx GET https://www.okx.com/api/v5/market/tickers?instType=SPOT... 5秒后重试
00:16:44 [INFO] 🔥 [机会 #84] ACQ/USDT | mexc → kucoin | 净利: 4.16% (毛利 4.58%)
   🟢 买价: 0.001079     | 可买入: 226424.550000 ACQ (244.3 USDT)
   🔴 卖价: 0.0011284    | 可卖出: 315657.000000 ACQ (356.2 USDT)
   📊 24h量: 1809 / 4105 USDT
00:16:55 [INFO] 🔥 [机会 #85] OSMO/USDT | binance → kucoin | 净利: 3.18% (毛利 3.49%)
   🟢 买价: 0.0344       | 可买入: 24165.590000 OSMO (831.3 USDT)
   🔴 卖价: 0.0356       | 可卖出: 10660.965100 OSMO (379.5 USDT)
   📊 24h量: 115101 / 8111 USDT
00:17:03 [INFO] 🔥 [机会 #86] OSMO/USDT | mexc → kucoin | 净利: 3.08% (毛利 3.49%)
   🟢 买价: 0.0344       | 可买入: 19332.470000 OSMO (665.0 USDT)
   🔴 卖价: 0.0356       | 可卖出: 4450.703100 OSMO (158.4 USDT)
   📊 24h量: 63902 / 8554 USDT
00:17:23 [INFO] 🔥 [机会 #87] FUN/USDT | binance → bitget | 净利: 3280.50% (毛利 3290.66%)
   🟢 买价: 0.001349     | 可买入: 541020.000000 FUN (729.8 USDT)
   🔴 卖价: 0.04574      | 可卖出: 24105.000000 FUN (1102.6 USDT)
   📊 24h量: 976389 / 1740028 USDT
00:17:32 [INFO] 🔥 [机会 #88] FUN/USDT | binance → mexc | 净利: 3280.50% (毛利 3290.66%)
   🟢 买价: 0.001349     | 可买入: 523700.000000 FUN (706.5 USDT)
   🔴 卖价: 0.04574      | 可卖出: 5057.070000 FUN (231.3 USDT)
   📊 24h量: 976401 / 214639 USDT
00:17:45 [INFO] 🔥 [机会 #89] ACQ/USDT | mexc → kucoin | 净利: 4.16% (毛利 4.58%)
   🟢 买价: 0.001079     | 可买入: 226424.550000 ACQ (244.3 USDT)
   🔴 卖价: 0.0011284    | 可卖出: 315657.000000 ACQ (356.2 USDT)
   📊 24h量: 1809 / 4105 USDT
00:17:45 [INFO] 🔥 [机会 #90] ULTIMA/USDT | kucoin → mexc | 净利: 0.94% (毛利 1.35%)
   🟢 买价: 5170.48      | 可买入: 0.308000 ULTIMA (1592.5 USDT)
   🔴 卖价: 5240.09      | 可卖出: 0.395600 ULTIMA (2073.0 USDT)
   📊 24h量: 774573 / 802043 USDT
00:18:00 [WARNING] ⚠️ [bitget] 连接抖动: bitget GET https://api.bitget.com/api/v2/spot/market/tickers... 5秒后重试
00:18:03 [INFO] 🔥 [机会 #91] OSMO/USDT | mexc → kucoin | 净利: 3.08% (毛利 3.49%)
   🟢 买价: 0.0344       | 可买入: 19332.470000 OSMO (665.0 USDT)
   🔴 卖价: 0.0356       | 可卖出: 4438.288800 OSMO (158.0 USDT)
   📊 24h量: 63882 / 8554 USDT
00:18:04 [INFO] 🔥 [机会 #92] OSMO/USDT | binance → kucoin | 净利: 3.18% (毛利 3.49%)
   🟢 买价: 0.0344       | 可买入: 23449.490000 OSMO (806.7 USDT)
   🔴 卖价: 0.0356       | 可卖出: 4438.288800 OSMO (158.0 USDT)
   📊 24h量: 114792 / 8554 USDT
00:19:06 [INFO] 🔥 [机会 #93] FUN/USDT | binance → bitget | 净利: 3280.66% (毛利 3290.82%)
   🟢 买价: 0.001351     | 可买入: 1581109.000000 FUN (2136.1 USDT)
   🔴 卖价: 0.04581      | 可卖出: 4217.600000 FUN (193.2 USDT)
   📊 24h量: 976384 / 1734745 USDT
00:19:34 [INFO] 🔥 [机会 #94] ULTIMA/USDT | kucoin → mexc | 净利: 1.53% (毛利 1.94%)
   🟢 买价: 5160.65      | 可买入: 0.029000 ULTIMA (149.7 USDT)
   🔴 卖价: 5260.75      | 可卖出: 0.025300 ULTIMA (133.1 USDT)
   📊 24h量: 776090 / 811571 USDT
00:19:53 [INFO] 🔥 [机会 #95] ACQ/USDT | mexc → kucoin | 净利: 6.23% (毛利 6.65%)
   🟢 买价: 0.001093     | 可买入: 111895.850000 ACQ (122.3 USDT)
   🔴 卖价: 0.0011657    | 可卖出: 314548.000000 ACQ (366.7 USDT)
   📊 24h量: 2804 / 7190 USDT
00:20:11 [INFO] 🔥 [机会 #96] BULLA/USDT | mexc → kucoin | 净利: 149.16% (毛利 150.16%)
   🟢 买价: 0.02207      | 可买入: 5951.150000 BULLA (131.3 USDT)
   🔴 卖价: 0.05521      | 可卖出: 1824.300000 BULLA (100.7 USDT)
   📊 24h量: 8511726 / 1513694 USDT
00:20:39 [INFO] 🔥 [机会 #97] FUN/USDT | binance → bitget | 净利: 3280.79% (毛利 3290.95%)
   🟢 买价: 0.001348     | 可买入: 140163.000000 FUN (188.9 USDT)
   🔴 卖价: 0.04571      | 可卖出: 4227.700000 FUN (193.2 USDT)
   📊 24h量: 976519 / 1734844 USDT
00:21:21 [INFO] 🔥 [机会 #98] FUN/USDT | binance → kucoin | 净利: 3277.83% (毛利 3287.98%)
   🟢 买价: 0.001348     | 可买入: 104175.000000 FUN (140.4 USDT)
   🔴 卖价: 0.04567      | 可卖出: 6200.500000 FUN (283.2 USDT)
   📊 24h量: 976466 / 384958 USDT
00:21:28 [INFO] 🔥 [机会 #99] IOTX/USDT | binance → kucoin | 净利: 14.58% (毛利 14.93%)
   🟢 买价: 0.00469      | 可买入: 54334.000000 IOTX (254.8 USDT)
   🔴 卖价: 0.00539      | 可卖出: 25699.080000 IOTX (138.5 USDT)
   📊 24h量: 635557 / 44048 USDT
00:21:30 [INFO] 🔥 [机会 #100] IOTX/USDT | bitget → kucoin | 净利: 13.98% (毛利 14.44%)
   🟢 买价: 0.00471      | 可买入: 53134.000000 IOTX (250.3 USDT)
   🔴 卖价: 0.00539      | 可卖出: 25699.080000 IOTX (138.5 USDT)
   📊 24h量: 47742 / 44048 USDT
00:21:59 [INFO] 🔥 [机会 #101] ULTIMA/USDT | kucoin → mexc | 净利: 1.06% (毛利 1.47%)
   🟢 买价: 5167.69      | 可买入: 0.033700 ULTIMA (174.2 USDT)
   🔴 卖价: 5243.44      | 可卖出: 0.093100 ULTIMA (488.2 USDT)
   📊 24h量: 777367 / 812424 USDT
00:22:10 [INFO] 🔥 [机会 #102] TROLL/USDT | mexc → kucoin | 净利: 1076194967.49% (毛利 1080508374.58%)
   🟢 买价: 1.416e-09    | 可买入: 355302294433.000000 TROLL (503.1 USDT)
   🔴 卖价: 0.0153       | 可卖出: 12554.100000 TROLL (192.1 USDT)
   📊 24h量: 84429 / 30610 USDT
00:22:21 [INFO] 🔥 [机会 #103] FUN/USDT | binance → bitget | 净利: 3276.92% (毛利 3287.07%)
   🟢 买价: 0.001346     | 可买入: 166326.000000 FUN (223.9 USDT)
   🔴 卖价: 0.04559      | 可卖出: 3617.800000 FUN (164.9 USDT)
   📊 24h量: 975755 / 1733392 USDT
00:22:31 [INFO] 🔥 [机会 #104] BULLA/USDT | mexc → kucoin | 净利: 131.80% (毛利 132.73%)
   🟢 买价: 0.02368      | 可买入: 5275.410000 BULLA (124.9 USDT)
   🔴 卖价: 0.05511      | 可卖出: 15354.800000 BULLA (846.2 USDT)
   📊 24h量: 8525708 / 1498245 USDT
00:22:42 [INFO] 🔥 [机会 #105] NEIRO/USDT | okx → kucoin | 净利: 923.18% (毛利 926.25%)
   🟢 买价: 6.704e-05    | 可买入: 1535771.000000 NEIRO (103.0 USDT)
   🔴 卖价: 0.000688     | 可卖出: 228528.000000 NEIRO (157.2 USDT)
   📊 24h量: 432194 / 6283 USDT
00:22:57 [INFO] 正在关闭连接...
00:22:59 [INFO] 👋 再见
00:23:36 [INFO] 🔌 正在连接 2 个交易所...
00:23:38 [INFO] 🟢 binance 就绪
00:23:38 [INFO] 🟢 okx 就绪
00:23:38 [INFO] ✅ 初始化完成 | 有效交易所: 2 | 监控币种: 210 个
00:23:38 [INFO] 🚀 监控引擎启动... (Ctrl+C 停止)
00:23:38 [INFO] 📡 [binance] 启动 WebSocket 全量监控
00:23:38 [INFO] 📡 [okx] 启动 WebSocket 全量监控
00:23:38 [WARNING] ⚠️ [okx] WS不可用，降级为REST
00:25:49 [INFO] 正在关闭连接...
00:25:50 [INFO] 👋 再见
00:26:59 [INFO] 🔌 正在连接 7 个交易所...
00:27:02 [INFO] 🟢 binance 就绪
00:27:03 [INFO] 🟢 okx 就绪
00:27:03 [INFO] 🟢 mexc 就绪
00:27:04 [INFO] 🟢 bybit 就绪
00:27:05 [INFO] 🟢 bitget 就绪
00:27:06 [INFO] 🟢 kucoin 就绪
00:27:09 [INFO] 🟢 gate 就绪
00:27:09 [INFO] ✅ 初始化完成 | 有效交易所: 7 | 监控币种: 1424 个
00:27:09 [INFO] 🌐 Web面板已启动 → http://127.0.0.1:8000
00:27:09 [INFO] 🚀 监控引擎启动... (Ctrl+C 停止)
00:27:09 [INFO] 📡 [binance] 启动 WebSocket 全量监控
00:27:09 [INFO] 📡 [okx] 启动 WebSocket 全量监控
00:27:09 [WARNING] ⚠️ [okx] WS不可用，降级为REST
00:27:09 [INFO] ℹ️  [mexc] 使用 REST 轮询模式
00:27:09 [INFO] 📡 [bybit] 启动 WebSocket 全量监控
00:27:09 [WARNING] ⚠️ [bybit] WS不可用，降级为REST
00:27:09 [INFO] 📡 [bitget] 启动 WebSocket 全量监控
00:27:09 [WARNING] ⚠️ [bitget] WS不可用，降级为REST
00:27:09 [INFO] 📡 [kucoin] 启动 WebSocket 全量监控
00:27:09 [INFO] 📡 [gate] 启动 WebSocket 全量监控
00:27:09 [WARNING] ⚠️ [gate] WS不可用，降级为REST
00:27:33 [INFO] 🔥 [机会 #2] FUN/USDT | binance → mexc | 净利: 3269.62% (毛利 3279.75%)
   🟢 买价: 0.001343     | 可买入: 886929.000000 FUN (1191.1 USDT)
   🔴 卖价: 0.04539      | 可卖出: 12868.240000 FUN (584.1 USDT)
   📊 24h量: 976945 / 213725 USDT
00:28:50 [INFO] 🔥 [机会 #3] MARS4/USDT | mexc → kucoin | 净利: 3.10% (毛利 3.51%)
   🟢 买价: 0.00077789   | 可买入: 337441.930000 MARS4 (262.5 USDT)
   🔴 卖价: 0.0008052    | 可卖出: 128492.895200 MARS4 (103.5 USDT)
   📊 24h量: 64406 / 151122 USDT
00:29:20 [INFO] 🔥 [机会 #4] ROSE/USDT | bybit → binance | 净利: 1.26% (毛利 1.46%)
   🟢 买价: 0.01233      | 可买入: 16727.590000 ROSE (206.3 USDT)
   🔴 卖价: 0.01251      | 可卖出: 11475.000000 ROSE (143.6 USDT)
   📊 24h量: 138749 / 1655238 USDT
00:29:22 [INFO] 🔥 [机会 #5] ROSE/USDT | kucoin → binance | 净利: 0.99% (毛利 1.30%)
   🟢 买价: 0.01235      | 可买入: 9225.000000 ROSE (113.9 USDT)
   🔴 卖价: 0.01251      | 可卖出: 8354.200000 ROSE (104.5 USDT)
   📊 24h量: 415676 / 1659201 USDT
00:29:41 [INFO] 🔥 [机会 #6] FUN/USDT | binance → mexc | 净利: 3279.27% (毛利 3289.43%)
   🟢 买价: 0.001343     | 可买入: 854100.000000 FUN (1147.1 USDT)
   🔴 卖价: 0.04552      | 可卖出: 12508.830000 FUN (569.4 USDT)
   📊 24h量: 979600 / 213517 USDT
00:29:47 [INFO] 🔥 [机会 #7] FUN/USDT | binance → kucoin | 净利: 3276.30% (毛利 3286.45%)
   🟢 买价: 0.001343     | 可买入: 836542.000000 FUN (1123.5 USDT)
   🔴 卖价: 0.04548      | 可卖出: 5820.600000 FUN (264.7 USDT)
   📊 24h量: 979623 / 380310 USDT
00:30:13 [INFO] 🔥 [机会 #8] MARS4/USDT | mexc → kucoin | 净利: 3.06% (毛利 3.47%)
   🟢 买价: 0.00077789   | 可买入: 337441.930000 MARS4 (262.5 USDT)
   🔴 卖价: 0.0008049    | 可卖出: 246872.520800 MARS4 (198.7 USDT)
   📊 24h量: 64398 / 151158 USDT
00:30:39 [INFO] 🔥 [机会 #9] FUN/USDT | binance → bitget | 净利: 3268.88% (毛利 3279.00%)
   🟢 买价: 0.001343     | 可买入: 866631.000000 FUN (1163.9 USDT)
   🔴 卖价: 0.04538      | 可卖出: 3611.900000 FUN (163.9 USDT)
   📊 24h量: 979706 / 1693738 USDT
00:31:00 [INFO] 🔥 [机会 #10] NEIRO/USDT | okx → kucoin | 净利: 927.82% (毛利 930.91%)
   🟢 买价: 6.664e-05    | 可买入: 1998609.000000 NEIRO (133.2 USDT)
   🔴 卖价: 0.000687     | 可卖出: 209571.000000 NEIRO (144.0 USDT)
   📊 24h量: 432851 / 6283 USDT
00:31:02 [INFO] 🔥 [机会 #11] ACQ/USDT | mexc → kucoin | 净利: 3.51% (毛利 3.93%)
   🟢 买价: 0.001103     | 可买入: 150243.310000 ACQ (165.7 USDT)
   🔴 卖价: 0.0011463    | 可卖出: 316491.000000 ACQ (362.8 USDT)
   📊 24h量: 3885 / 22850 USDT
00:31:27 [INFO] 🔥 [机会 #12] FUN/USDT | binance → mexc | 净利: 3263.21% (毛利 3273.32%)
   🟢 买价: 0.001342     | 可买入: 565638.000000 FUN (759.1 USDT)
   🔴 卖价: 0.04527      | 可卖出: 17056.200000 FUN (772.1 USDT)
   📊 24h量: 978166 / 208517 USDT
00:32:16 [INFO] 🔥 [机会 #13] FUN/USDT | binance → bitget | 净利: 3260.98% (毛利 3271.09%)
   🟢 买价: 0.001342     | 可买入: 994879.000000 FUN (1335.1 USDT)
   🔴 卖价: 0.04524      | 可卖出: 3887.300000 FUN (175.9 USDT)
   📊 24h量: 978374 / 1684012 USDT
00:32:19 [INFO] 🔥 [机会 #14] ACQ/USDT | mexc → kucoin | 净利: 4.22% (毛利 4.64%)
   🟢 买价: 0.001108     | 可买入: 93939.010000 ACQ (104.1 USDT)
   🔴 卖价: 0.0011594    | 可卖出: 355110.000000 ACQ (411.7 USDT)
   📊 24h量: 4182 / 23276 USDT
00:32:49 [INFO] 🔥 [机会 #15] FUN/USDT | binance → mexc | 净利: 3259.50% (毛利 3269.60%)
   🟢 买价: 0.001342     | 可买入: 508031.000000 FUN (681.8 USDT)
   🔴 卖价: 0.04522      | 可卖出: 13337.040000 FUN (603.1 USDT)
   📊 24h量: 978400 / 208512 USDT
00:33:14 [INFO] 🔥 [机会 #16] IOTX/USDT | binance → kucoin | 净利: 14.74% (毛利 15.09%)
   🟢 买价: 0.00464      | 可买入: 43841.000000 IOTX (203.4 USDT)
   🔴 卖价: 0.00534      | 可卖出: 23299.161200 IOTX (124.4 USDT)
   📊 24h量: 634293 / 44503 USDT
00:33:14 [INFO] 🔥 [机会 #17] IOTX/USDT | bitget → kucoin | 净利: 14.13% (毛利 14.59%)
   🟢 买价: 0.00466      | 可买入: 80087.000000 IOTX (373.2 USDT)
   🔴 卖价: 0.00534      | 可卖出: 23299.161200 IOTX (124.4 USDT)
   📊 24h量: 48298 / 44503 USDT
00:33:17 [INFO] 🔥 [机会 #18] FUN/USDT | binance → bitget | 净利: 3260.24% (毛利 3270.34%)
   🟢 买价: 0.001342     | 可买入: 491915.000000 FUN (660.1 USDT)
   🔴 卖价: 0.04523      | 可卖出: 7110.400000 FUN (321.6 USDT)
   📊 24h量: 978405 / 1679022 USDT
00:33:32 [INFO] 🔥 [机会 #19] ACQ/USDT | mexc → kucoin | 净利: 3.85% (毛利 4.26%)
   🟢 买价: 0.001112     | 可买入: 174466.410000 ACQ (194.0 USDT)
   🔴 卖价: 0.0011594    | 可卖出: 145434.000000 ACQ (168.6 USDT)
   📊 24h量: 4331 / 24831 USDT
00:33:43 [INFO] 🔥 [机会 #20] BCUT/USDT | mexc → kucoin | 净利: 0.90% (毛利 1.31%)
   🟢 买价: 0.002979     | 可买入: 134081.470000 BCUT (399.4 USDT)
   🔴 卖价: 0.003018     | 可卖出: 33395.000000 BCUT (100.8 USDT)
   📊 24h量: 68572 / 64905 USDT
00:34:15 [INFO] 🔥 [机会 #21] TROLL/USDT | mexc → kucoin | 净利: 1086941565.88% (毛利 1091298045.51%)
   🟢 买价: 1.402e-09    | 可买入: 353669785600.000000 TROLL (495.8 USDT)
   🔴 卖价: 0.0153       | 可卖出: 6797.300000 TROLL (104.0 USDT)
   📊 24h量: 82870 / 30369 USDT
00:34:39 [INFO] 🔥 [机会 #22] UXLINK/USDT | okx → bybit | 净利: 0.85% (毛利 1.05%)
   🟢 买价: 0.00475      | 可买入: 214928.210000 UXLINK (1020.9 USDT)
   🔴 卖价: 0.0048       | 可卖出: 39734.000000 UXLINK (190.7 USDT)
   📊 24h量: 507178 / 137440 USDT
00:34:57 [INFO] 正在关闭连接...
00:34:59 [INFO] 👋 再见
00:35:07 [INFO] 🔌 正在连接 7 个交易所...
00:35:10 [INFO] 🟢 okx 就绪
00:35:11 [INFO] 🟢 mexc 就绪
00:35:11 [INFO] 🟢 bybit 就绪
00:35:11 [INFO] 🟢 kucoin 就绪
00:35:13 [ERROR] 🔴 binance 初始化失败: binance GET https://api.binance.com/api/v3/exchangeInfo
00:35:13 [INFO] 🟢 bitget 就绪
00:35:17 [INFO] 🟢 gate 就绪
00:35:17 [INFO] ✅ 初始化完成 | 有效交易所: 6 | 监控币种: 1412 个
00:35:17 [INFO] 🌐 Web面板已启动 → http://127.0.0.1:8000
00:35:17 [INFO] 🚀 监控引擎启动... (Ctrl+C 停止)
00:35:17 [INFO] 📡 [okx] 启动 WebSocket 全量监控
00:35:17 [WARNING] ⚠️ [okx] WS不可用，降级为REST
00:35:17 [INFO] ℹ️  [mexc] 使用 REST 轮询模式
00:35:17 [INFO] 📡 [bybit] 启动 WebSocket 全量监控
00:35:17 [WARNING] ⚠️ [bybit] WS不可用，降级为REST
00:35:17 [INFO] 📡 [kucoin] 启动 WebSocket 全量监控
00:35:17 [INFO] 📡 [bitget] 启动 WebSocket 全量监控
00:35:17 [WARNING] ⚠️ [bitget] WS不可用，降级为REST
00:35:17 [INFO] 📡 [gate] 启动 WebSocket 全量监控
00:35:17 [WARNING] ⚠️ [gate] WS不可用，降级为REST
00:36:05 [INFO] 🔥 [机会 #2] VANRY/USDT | mexc → bitget | 净利: 0.86% (毛利 1.27%)
   🟢 买价: 0.005214     | 可买入: 24562.170000 VANRY (128.1 USDT)
   🔴 卖价: 0.00528      | 可卖出: 104839.400000 VANRY (553.6 USDT)
   📊 24h量: 156188 / 4762 USDT
00:36:16 [INFO] 🔥 [机会 #3] IOTX/USDT | bitget → kucoin | 净利: 14.17% (毛利 14.62%)
   🟢 买价: 0.00465      | 可买入: 53763.000000 IOTX (250.0 USDT)
   🔴 卖价: 0.00533      | 可卖出: 26108.239700 IOTX (139.2 USDT)
   📊 24h量: 48507 / 44591 USDT
00:36:33 [INFO] 🔥 [机会 #4] IOTX/USDT | mexc → kucoin | 净利: 14.61% (毛利 15.07%)
   🟢 买价: 0.004632     | 可买入: 42288.800000 IOTX (195.9 USDT)
   🔴 卖价: 0.00533      | 可卖出: 26108.239700 IOTX (139.2 USDT)
   📊 24h量: 225078 / 44591 USDT
00:37:17 [INFO] 🔥 [机会 #5] IOTX/USDT | bitget → kucoin | 净利: 14.17% (毛利 14.62%)
   🟢 买价: 0.00465      | 可买入: 74439.000000 IOTX (346.1 USDT)
   🔴 卖价: 0.00533      | 可卖出: 26108.239700 IOTX (139.2 USDT)
   📊 24h量: 48507 / 44591 USDT
00:37:33 [INFO] 🔥 [机会 #6] BULLA/USDT | mexc → kucoin | 净利: 122.99% (毛利 123.88%)
   🟢 买价: 0.02462      | 可买入: 5414.750000 BULLA (133.3 USDT)
   🔴 卖价: 0.05512      | 可卖出: 1870.700000 BULLA (103.1 USDT)
   📊 24h量: 8552764 / 1444227 USDT
00:39:10 [INFO] 🔥 [机会 #7] XPIN/USDT | kucoin → mexc | 净利: 1.28% (毛利 1.68%)
   🟢 买价: 0.0015615    | 可买入: 196535.000000 XPIN (306.9 USDT)
   🔴 卖价: 0.0015878    | 可卖出: 187265.920000 XPIN (297.3 USDT)
   📊 24h量: 239066 / 122206 USDT
00:39:52 [INFO] 🔥 [机会 #8] SATS/USDT | okx → bybit | 净利: 0.83% (毛利 1.03%)
   🟢 买价: 1.067e-08    | 可买入: 16809493117.000000 SATS (179.4 USDT)
   🔴 卖价: 1.078e-08    | 可卖出: 53432282003.699997 SATS (576.0 USDT)
   📊 24h量: 450749 / 16383 USDT
00:41:11 [INFO] 🔥 [机会 #9] ULTIMA/USDT | kucoin → mexc | 净利: 1.43% (毛利 1.83%)
   🟢 买价: 5165.39      | 可买入: 0.308000 ULTIMA (1590.9 USDT)
   🔴 卖价: 5260.0       | 可卖出: 0.032700 ULTIMA (172.0 USDT)
   📊 24h量: 790129 / 823095 USDT
00:41:36 [INFO] 🔥 [机会 #10] SATS/USDT | okx → bybit | 净利: 0.83% (毛利 1.03%)
   🟢 买价: 1.07e-08     | 可买入: 107663551401.000000 SATS (1152.0 USDT)
   🔴 卖价: 1.081e-08    | 可卖出: 53259361997.199997 SATS (575.7 USDT)
   📊 24h量: 450646 / 16438 USDT
00:42:07 [INFO] 🔥 [机会 #11] BULLA/USDT | mexc → kucoin | 净利: 130.35% (毛利 131.27%)
   🟢 买价: 0.02392      | 可买入: 11617.390000 BULLA (277.9 USDT)
   🔴 卖价: 0.05532      | 可卖出: 2248.000000 BULLA (124.4 USDT)
   📊 24h量: 8553278 / 1440453 USDT
00:42:11 [INFO] 🔥 [机会 #12] ULTIMA/USDT | kucoin → mexc | 净利: 1.48% (毛利 1.88%)
   🟢 买价: 5162.7       | 可买入: 0.318000 ULTIMA (1641.7 USDT)
   🔴 卖价: 5260.0       | 可卖出: 0.032700 ULTIMA (172.0 USDT)
   📊 24h量: 790878 / 823525 USDT
00:42:52 [INFO] 🔥 [机会 #13] MARS4/USDT | mexc → kucoin | 净利: 3.26% (毛利 3.68%)
   🟢 买价: 0.00077789   | 可买入: 337441.930000 MARS4 (262.5 USDT)
   🔴 卖价: 0.0008065    | 可卖出: 145121.923500 MARS4 (117.0 USDT)
   📊 24h量: 64488 / 165045 USDT
00:43:38 [INFO] 🔥 [机会 #14] BULLA/USDT | mexc → kucoin | 净利: 129.38% (毛利 130.30%)
   🟢 买价: 0.02399      | 可买入: 4427.060000 BULLA (106.2 USDT)
   🔴 卖价: 0.05525      | 可卖出: 2452.100000 BULLA (135.5 USDT)
   📊 24h量: 8552004 / 1435321 USDT
00:44:02 [INFO] 🔥 [机会 #15] IOTX/USDT | bitget → kucoin | 净利: 14.07% (毛利 14.53%)
   🟢 买价: 0.00468      | 可买入: 115894.000000 IOTX (542.4 USDT)
   🔴 卖价: 0.00536      | 可卖出: 25999.161200 IOTX (139.4 USDT)
   📊 24h量: 48747 / 44657 USDT
00:45:03 [INFO] 🔥 [机会 #16] IOTX/USDT | mexc → kucoin | 净利: 14.51% (毛利 14.97%)
   🟢 买价: 0.004662     | 可买入: 73573.600000 IOTX (343.0 USDT)
   🔴 卖价: 0.00536      | 可卖出: 25999.161200 IOTX (139.4 USDT)
   📊 24h量: 226170 / 44657 USDT
00:45:03 [INFO] 🔥 [机会 #17] IOTX/USDT | bitget → kucoin | 净利: 14.07% (毛利 14.53%)
   🟢 买价: 0.00468      | 可买入: 115894.000000 IOTX (542.4 USDT)
   🔴 卖价: 0.00536      | 可卖出: 25999.161200 IOTX (139.4 USDT)
   📊 24h量: 48747 / 44657 USDT
00:45:52 [INFO] 正在关闭连接...
00:45:54 [INFO] 👋 再见
00:46:46 [INFO] 🔌 正在连接 7 个交易所...
00:46:48 [INFO] 🟢 binance 就绪
00:46:49 [INFO] 🟢 mexc 就绪
00:46:49 [INFO] 🟢 okx 就绪
00:46:50 [INFO] 🟢 bybit 就绪
00:46:51 [INFO] 🟢 kucoin 就绪
00:46:51 [INFO] 🟢 bitget 就绪
00:46:58 [INFO] 🟢 gate 就绪
00:46:58 [INFO] ✅ 初始化完成 | 有效交易所: 7 | 监控币种: 1424 个
00:46:58 [INFO] 🌐 Web面板已启动 → http://127.0.0.1:8000
00:46:58 [INFO] 🚀 监控引擎启动... (Ctrl+C 停止)
00:46:58 [INFO] 📡 [binance] 启动 WebSocket 全量监控
00:46:58 [INFO] ℹ️  [mexc] 使用 REST 轮询模式
00:46:58 [INFO] 📡 [okx] 启动 WebSocket 全量监控
00:46:58 [WARNING] ⚠️ [okx] WS不可用，降级为REST
00:46:58 [INFO] 📡 [bybit] 启动 WebSocket 全量监控
00:46:58 [WARNING] ⚠️ [bybit] WS不可用，降级为REST
00:46:58 [INFO] 📡 [kucoin] 启动 WebSocket 全量监控
00:46:58 [INFO] 📡 [bitget] 启动 WebSocket 全量监控
00:46:58 [WARNING] ⚠️ [bitget] WS不可用，降级为REST
00:46:58 [INFO] 📡 [gate] 启动 WebSocket 全量监控
00:46:58 [WARNING] ⚠️ [gate] WS不可用，降级为REST
00:47:10 [INFO] 🔥 [机会 #1] NEIRO/USDT | okx → mexc | 净利: 142.69% (毛利 143.42%)
   🟢 买价: 6.684e-05    | 可买入: 201.4 
   🔴 卖价: 0.0001627    | 可卖出: 137.7 
   📊 24h量: 434182 / 53417 USDT
00:49:00 [INFO] 🔥 [机会 #2] NEIRO/USDT | okx → mexc | 净利: 143.05% (毛利 143.78%)
   🟢 买价: 6.674e-05    | 可买入: 101.0 
   🔴 卖价: 0.0001627    | 可卖出: 151.9 
   📊 24h量: 434392 / 53444 USDT
00:50:46 [INFO] 🔥 [机会 #3] NEIRO/USDT | okx → mexc | 净利: 143.53% (毛利 144.26%)
   🟢 买价: 6.661e-05    | 可买入: 101.9 
   🔴 卖价: 0.0001627    | 可卖出: 137.7 
   📊 24h量: 434477 / 53462 USDT
00:51:50 [INFO] 🔥 [机会 #4] ZTC/USDT | bitget → mexc | 净利: 52.49% (毛利 53.10%)
   🟢 买价: 0.001241     | 可买入: 119.6 
   🔴 卖价: 0.0019       | 可卖出: 105.7 
   📊 24h量: 45671 / 57781 USDT
00:51:57 [INFO] 🔥 [机会 #5] NEIRO/USDT | okx → mexc | 净利: 143.78% (毛利 144.51%)
   🟢 买价: 6.654e-05    | 可买入: 100.0 
   🔴 卖价: 0.0001627    | 可卖出: 137.7 
   📊 24h量: 434466 / 53430 USDT
00:52:16 [INFO] 🔥 [机会 #7] ULTIMA/USDT | kucoin → mexc | 净利: 1.30% (毛利 1.70%)
   🟢 买价: 5162.04      | 可买入: 1589.9 
   🔴 卖价: 5250.0       | 可卖出: 237.8 
   📊 24h量: 795201 / 821987 USDT
00:53:17 [INFO] 🔥 [机会 #8] ULTIMA/USDT | kucoin → mexc | 净利: 1.34% (毛利 1.75%)
   🟢 买价: 5159.8       | 可买入: 1589.2 
   🔴 卖价: 5250.01      | 可卖出: 441.0 
   📊 24h量: 796142 / 822313 USDT
00:53:20 [INFO] 🔥 [机会 #9] IOTX/USDT | bitget → kucoin | 净利: 14.35% (毛利 14.81%)
   🟢 买价: 0.00466      | 可买入: 273.3 
   🔴 卖价: 0.00535      | 可卖出: 139.2 
   📊 24h量: 48792 / 44657 USDT
00:53:20 [INFO] 🔥 [机会 #10] IOTX/USDT | binance → kucoin | 净利: 14.71% (毛利 15.05%)
   🟢 买价: 0.00465      | 可买入: 148.9 
   🔴 卖价: 0.00535      | 可卖出: 139.2 
   📊 24h量: 640031 / 44657 USDT
00:53:23 [INFO] 🔥 [机会 #11] ZTC/USDT | bitget → mexc | 净利: 13.08% (毛利 13.53%)
   🟢 买价: 0.001227     | 可买入: 101.8 
   🔴 卖价: 0.001393     | 可卖出: 768.4 
   📊 24h量: 53946 / 64329 USDT
00:53:39 [INFO] 🔥 [机会 #12] NEIRO/USDT | okx → mexc | 净利: 143.89% (毛利 144.62%)
   🟢 买价: 6.651e-05    | 可买入: 113.3 
   🔴 卖价: 0.0001627    | 可卖出: 137.7 
   📊 24h量: 434534 / 53380 USDT
00:54:43 [INFO] 🔥 [机会 #13] NEIRO/USDT | okx → mexc | 净利: 143.78% (毛利 144.51%)
   🟢 买价: 6.654e-05    | 可买入: 100.0 
   🔴 卖价: 0.0001627    | 可卖出: 137.7 
   📊 24h量: 434525 / 53332 USDT
00:54:53 [INFO] 🔥 [机会 #14] ULTIMA/USDT | kucoin → mexc | 净利: 1.16% (毛利 1.56%)
   🟢 买价: 5151.95      | 可买入: 1586.8 
   🔴 卖价: 5232.47      | 可卖出: 954.9 
   📊 24h量: 797379 / 833964 USDT
00:55:04 [INFO] 🔥 [机会 #15] ZTC/USDT | bitget → mexc | 净利: 2.50% (毛利 2.91%)
   🟢 买价: 0.001237     | 可买入: 1437.0 
   🔴 卖价: 0.001273     | 可卖出: 880.0 
   📊 24h量: 55679 / 69443 USDT
00:56:04 [INFO] 🔥 [机会 #16] NEIRO/USDT | okx → mexc | 净利: 143.45% (毛利 144.18%)
   🟢 买价: 6.663e-05    | 可买入: 100.8 
   🔴 卖价: 0.0001627    | 可卖出: 137.7 
   📊 24h量: 434444 / 53332 USDT
00:56:13 [INFO] 🔥 [机会 #17] ZTC/USDT | bitget → mexc | 净利: 43.77% (毛利 44.35%)
   🟢 买价: 0.001247     | 可买入: 1973.8 
   🔴 卖价: 0.0018       | 可卖出: 690.0 
   📊 24h量: 58112 / 74317 USDT
00:56:16 [INFO] 🔥 [机会 #18] ZTC/USDT | bitget → kucoin | 净利: 31.07% (毛利 31.60%)
   🟢 买价: 0.001247     | 可买入: 1824.6 
   🔴 卖价: 0.001641     | 可卖出: 382.3 
   📊 24h量: 58211 / 7196 USDT
00:56:16 [INFO] 🔥 [机会 #19] IOTX/USDT | bitget → kucoin | 净利: 14.53% (毛利 14.99%)
   🟢 买价: 0.00467      | 可买入: 292.1 
   🔴 卖价: 0.00537      | 可卖出: 139.5 
   📊 24h量: 48792 / 44657 USDT
00:56:16 [INFO] 🔥 [机会 #20] IOTX/USDT | binance → kucoin | 净利: 14.64% (毛利 14.99%)
   🟢 买价: 0.00467      | 可买入: 246.4 
   🔴 卖价: 0.00537      | 可卖出: 139.5 
   📊 24h量: 641596 / 44657 USDT
00:56:17 [INFO] 🔥 [机会 #21] VANRY/USDT | mexc → binance | 净利: 1.08% (毛利 1.38%)
   🟢 买价: 0.005213     | 可买入: 116.2 
   🔴 卖价: 0.005285     | 可卖出: 165.5 
   📊 24h量: 156548 / 268574 USDT
00:56:34 [INFO] 🔥 [机会 #22] ZTC/USDT | mexc → kucoin | 净利: 25.73% (毛利 26.23%)
   🟢 买价: 0.0013       | 可买入: 668.4 
   🔴 卖价: 0.001641     | 可卖出: 147.1 
   📊 24h量: 74377 / 7203 USDT
00:56:50 [INFO] 🔥 [机会 #23] VANRY/USDT | mexc → bitget | 净利: 0.88% (毛利 1.29%)
   🟢 买价: 0.005213     | 可买入: 116.2 
   🔴 卖价: 0.00528      | 可卖出: 768.1 
   📊 24h量: 156561 / 4827 USDT
00:57:37 [INFO] 🔥 [机会 #24] IOTX/USDT | bitget → kucoin | 净利: 14.01% (毛利 14.47%)
   🟢 买价: 0.0047       | 可买入: 337.7 
   🔴 卖价: 0.00538      | 可卖出: 139.6 
   📊 24h量: 48792 / 44659 USDT
00:57:39 [INFO] 🔥 [机会 #25] VR/USDT | mexc → kucoin | 净利: 2.26% (毛利 2.67%)
   🟢 买价: 0.002512     | 可买入: 344.4 
   🔴 卖价: 0.002579     | 可卖出: 362.5 
   📊 24h量: 324180 / 74617 USDT
00:57:39 [INFO] 🔥 [机会 #26] NEIRO/USDT | okx → mexc | 净利: 142.65% (毛利 143.38%)
   🟢 买价: 6.685e-05    | 可买入: 146.0 
   🔴 卖价: 0.0001627    | 可卖出: 137.7 
   📊 24h量: 434458 / 53375 USDT
00:58:46 [INFO] 🔥 [机会 #27] IOTX/USDT | bitget → kucoin | 净利: 14.43% (毛利 14.89%)
   🟢 买价: 0.0047       | 可买入: 276.2 
   🔴 卖价: 0.0054       | 可卖出: 139.6 
   📊 24h量: 48792 / 44659 USDT
00:58:46 [INFO] 🔥 [机会 #28] IOTX/USDT | binance → kucoin | 净利: 14.79% (毛利 15.14%)
   🟢 买价: 0.00469      | 可买入: 283.7 
   🔴 卖价: 0.0054       | 可卖出: 139.6 
   📊 24h量: 641795 / 44659 USDT
00:58:49 [INFO] 🔥 [机会 #29] IOTX/USDT | mexc → kucoin | 净利: 14.65% (毛利 15.11%)
   🟢 买价: 0.004691     | 可买入: 307.3 
   🔴 卖价: 0.0054       | 可卖出: 139.6 
   📊 24h量: 226889 / 44659 USDT
00:59:03 [INFO] 🔥 [机会 #30] VR/USDT | mexc → kucoin | 净利: 11.68% (毛利 12.13%)
   🟢 买价: 0.0023       | 可买入: 122.2 
   🔴 卖价: 0.002579     | 可卖出: 362.5 
   📊 24h量: 334448 / 74649 USDT
00:59:19 [INFO] 🔥 [机会 #31] NEIRO/USDT | okx → mexc | 净利: 141.36% (毛利 142.08%)
   🟢 买价: 6.725e-05    | 可买入: 100.0 
   🔴 卖价: 0.0001628    | 可卖出: 106.0 
   📊 24h量: 434170 / 53411 USDT
00:59:45 [INFO] 正在关闭连接...
01:02:16 [INFO] 👋 再见
01:04:17 [INFO] 🔌 正在连接 7 个交易所...
01:04:19 [INFO] 🟢 okx 就绪
01:04:20 [INFO] 🟢 mexc 就绪
01:04:20 [INFO] 🟢 binance 就绪
01:04:21 [INFO] 🟢 bybit 就绪
01:04:22 [INFO] 🟢 kucoin 就绪
01:04:23 [INFO] 🟢 bitget 就绪
01:04:29 [INFO] 🟢 gate 就绪
01:04:29 [INFO] ✅ 初始化完成 | 有效交易所: 7 | 监控币种: 1424 个
01:04:29 [INFO] 🌐 Web面板已启动 → http://127.0.0.1:8000
01:04:29 [INFO] 🚀 监控引擎启动... (Ctrl+C 停止)
01:04:29 [INFO] 📡 [okx] 启动 WebSocket 全量监控
01:04:29 [WARNING] ⚠️ [okx] WS不可用，降级为REST
01:04:29 [INFO] ℹ️  [mexc] 使用 REST 轮询模式
01:04:29 [INFO] 📡 [binance] 启动 WebSocket 全量监控
01:04:29 [INFO] 📡 [bybit] 启动 WebSocket 全量监控
01:04:29 [WARNING] ⚠️ [bybit] WS不可用，降级为REST
01:04:29 [INFO] 📡 [kucoin] 启动 WebSocket 全量监控
01:04:29 [INFO] 📡 [bitget] 启动 WebSocket 全量监控
01:04:29 [WARNING] ⚠️ [bitget] WS不可用，降级为REST
01:04:29 [INFO] 📡 [gate] 启动 WebSocket 全量监控
01:04:29 [WARNING] ⚠️ [gate] WS不可用，降级为REST
01:04:38 [WARNING] ⚠️ [mexc] 连接抖动: unsupported format string passed to NoneType.__format__... 5秒后重试
01:04:52 [INFO] 🔥 [机会 #2] UXLINK/USDT | bitget → okx | 净利: 0.94% (毛利 1.25%)
   🟢 买价: 0.00481      | 可买入: 1026.7 
   🔴 卖价: 0.00487      | 可卖出: 113.8 
   📊 24h量: 96053 / 519789 USDT
01:05:18 [WARNING] ⚠️ [kucoin] 连接抖动: Connection closed by remote server, closing code 1006... 5秒后重试
01:05:18 [WARNING] ⚠️ [binance] 连接抖动: Connection closed by remote server, closing code 1006... 5秒后重试
01:05:49 [WARNING] ⚠️ [bybit] 连接抖动: bybit GET https://api.bybit.com/v5/market/tickers?category=spot... 5秒后重试
04:06:29 [WARNING] ⚠️ [mexc] 连接抖动: mexc GET https://api.mexc.com/api/v3/ticker/24hr... 5秒后重试
04:06:29 [WARNING] ⚠️ [okx] 连接抖动: okx GET https://www.okx.com/api/v5/market/tickers?instType=SPOT... 5秒后重试
04:06:29 [WARNING] ⚠️ [kucoin] 连接抖动: Connection to wss://ws-api-spot.kucoin.com/?token=2neAiuYvAU61ZDXANAGAsiL4-iAExh... 5秒后重试
04:06:30 [WARNING] ⚠️ [binance] 连接抖动: Connection to wss://stream.binance.com:9443/ws/0 timed out due to a ping-pong ke... 5秒后重试
04:06:34 [WARNING] ⚠️ [bitget] 连接抖动: bitget GET https://api.bitget.com/api/v2/spot/market/tickers... 5秒后重试
11:32:24 [WARNING] ⚠️ [bybit] 连接抖动: bybit GET https://api.bybit.com/v5/market/tickers?category=spot... 5秒后重试
11:32:24 [WARNING] ⚠️ [gate] 连接抖动: gate GET https://api.gateio.ws/api/v4/spot/tickers?timezone=utc0... 5秒后重试
11:32:31 [WARNING] ⚠️ [bitget] 连接抖动: bitget GET https://api.bitget.com/api/v2/spot/market/tickers... 5秒后重试
11:32:32 [WARNING] ⚠️ [kucoin] 连接抖动: Cannot connect to host ws-api-spot.kucoin.com:443 ssl:default [None]... 5秒后重试
11:32:32 [WARNING] ⚠️ [binance] 连接抖动: Cannot connect to host stream.binance.com:9443 ssl:default [None]... 5秒后重试
11:32:33 [WARNING] ⚠️ [mexc] 连接抖动: mexc GET https://api.mexc.com/api/v3/ticker/24hr... 5秒后重试
11:32:33 [WARNING] ⚠️ [okx] 连接抖动: okx GET https://www.okx.com/api/v5/market/tickers?instType=SPOT... 5秒后重试
11:32:37 [WARNING] ⚠️ [bybit] 连接抖动: bybit GET https://api.bybit.com/v5/market/tickers?category=spot... 5秒后重试
11:32:38 [WARNING] ⚠️ [gate] 连接抖动: gate GET https://api.gateio.ws/api/v4/spot/tickers?timezone=utc0... 5秒后重试
11:32:40 [WARNING] ⚠️ [bitget] 连接抖动: bitget GET https://api.bitget.com/api/v2/spot/market/tickers... 5秒后重试
11:32:41 [WARNING] ⚠️ [binance] 连接抖动: Cannot connect to host stream.binance.com:9443 ssl:default [None]... 5秒后重试
11:32:41 [WARNING] ⚠️ [mexc] 连接抖动: mexc GET https://api.mexc.com/api/v3/ticker/24hr... 5秒后重试
11:32:41 [WARNING] ⚠️ [kucoin] 连接抖动: Cannot connect to host ws-api-spot.kucoin.com:443 ssl:default [None]... 5秒后重试
11:32:42 [WARNING] ⚠️ [okx] 连接抖动: okx GET https://www.okx.com/api/v5/market/tickers?instType=SPOT... 5秒后重试
11:32:46 [WARNING] ⚠️ [bybit] 连接抖动: bybit GET https://api.bybit.com/v5/market/tickers?category=spot... 5秒后重试
11:32:47 [WARNING] ⚠️ [gate] 连接抖动: gate GET https://api.gateio.ws/api/v4/spot/tickers?timezone=utc0... 5秒后重试
11:32:49 [WARNING] ⚠️ [bitget] 连接抖动: bitget GET https://api.bitget.com/api/v2/spot/market/tickers... 5秒后重试
11:32:49 [WARNING] ⚠️ [binance] 连接抖动: Cannot connect to host stream.binance.com:9443 ssl:default [None]... 5秒后重试
11:32:49 [WARNING] ⚠️ [kucoin] 连接抖动: Cannot connect to host ws-api-spot.kucoin.com:443 ssl:default [None]... 5秒后重试
11:32:49 [WARNING] ⚠️ [mexc] 连接抖动: mexc GET https://api.mexc.com/api/v3/ticker/24hr... 5秒后重试
11:32:51 [WARNING] ⚠️ [okx] 连接抖动: okx GET https://www.okx.com/api/v5/market/tickers?instType=SPOT... 5秒后重试
11:32:54 [WARNING] ⚠️ [gate] 连接抖动: gate GET https://api.gateio.ws/api/v4/spot/tickers?timezone=utc0... 5秒后重试
11:32:54 [WARNING] ⚠️ [bybit] 连接抖动: bybit GET https://api.bybit.com/v5/market/tickers?category=spot... 5秒后重试
11:32:56 [WARNING] ⚠️ [binance] 连接抖动: Cannot connect to host stream.binance.com:9443 ssl:default [None]... 5秒后重试
11:32:57 [WARNING] ⚠️ [bitget] 连接抖动: bitget GET https://api.bitget.com/api/v2/spot/market/tickers... 5秒后重试
11:32:57 [WARNING] ⚠️ [kucoin] 连接抖动: Cannot connect to host ws-api-spot.kucoin.com:443 ssl:default [None]... 5秒后重试
11:32:57 [WARNING] ⚠️ [mexc] 连接抖动: mexc GET https://api.mexc.com/api/v3/ticker/24hr... 5秒后重试
11:32:58 [WARNING] ⚠️ [okx] 连接抖动: okx GET https://www.okx.com/api/v5/market/tickers?instType=SPOT... 5秒后重试
11:33:01 [WARNING] ⚠️ [gate] 连接抖动: gate GET https://api.gateio.ws/api/v4/spot/tickers?timezone=utc0... 5秒后重试
11:33:02 [WARNING] ⚠️ [bybit] 连接抖动: bybit GET https://api.bybit.com/v5/market/tickers?category=spot... 5秒后重试
11:33:04 [WARNING] ⚠️ [binance] 连接抖动: Cannot connect to host stream.binance.com:9443 ssl:default [None]... 5秒后重试
11:33:05 [WARNING] ⚠️ [kucoin] 连接抖动: Cannot connect to host ws-api-spot.kucoin.com:443 ssl:default [None]... 5秒后重试
11:33:06 [WARNING] ⚠️ [bitget] 连接抖动: bitget GET https://api.bitget.com/api/v2/spot/market/tickers... 5秒后重试
11:33:06 [WARNING] ⚠️ [mexc] 连接抖动: mexc GET https://api.mexc.com/api/v3/ticker/24hr... 5秒后重试
11:33:07 [WARNING] ⚠️ [okx] 连接抖动: okx GET https://www.okx.com/api/v5/market/tickers?instType=SPOT... 5秒后重试
11:33:10 [WARNING] ⚠️ [gate] 连接抖动: gate GET https://api.gateio.ws/api/v4/spot/tickers?timezone=utc0... 5秒后重试
11:33:10 [WARNING] ⚠️ [bybit] 连接抖动: bybit GET https://api.bybit.com/v5/market/tickers?category=spot... 5秒后重试
11:33:12 [WARNING] ⚠️ [binance] 连接抖动: Cannot connect to host stream.binance.com:9443 ssl:default [None]... 5秒后重试
11:33:14 [WARNING] ⚠️ [mexc] 连接抖动: mexc GET https://api.mexc.com/api/v3/ticker/24hr... 5秒后重试
11:33:14 [WARNING] ⚠️ [bitget] 连接抖动: bitget GET https://api.bitget.com/api/v2/spot/market/tickers... 5秒后重试
11:33:15 [WARNING] ⚠️ [kucoin] 连接抖动: Cannot connect to host ws-api-spot.kucoin.com:443 ssl:default [None]... 5秒后重试
11:33:15 [WARNING] ⚠️ [okx] 连接抖动: okx GET https://www.okx.com/api/v5/market/tickers?instType=SPOT... 5秒后重试
11:33:16 [WARNING] ⚠️ [gate] 连接抖动: gate GET https://api.gateio.ws/api/v4/spot/tickers?timezone=utc0... 5秒后重试
11:33:18 [WARNING] ⚠️ [bybit] 连接抖动: bybit GET https://api.bybit.com/v5/market/tickers?category=spot... 5秒后重试
11:33:20 [WARNING] ⚠️ [binance] 连接抖动: Cannot connect to host stream.binance.com:9443 ssl:default [None]... 5秒后重试
11:33:21 [WARNING] ⚠️ [bitget] 连接抖动: bitget GET https://api.bitget.com/api/v2/spot/market/tickers... 5秒后重试
11:33:22 [WARNING] ⚠️ [kucoin] 连接抖动: Cannot connect to host ws-api-spot.kucoin.com:443 ssl:default [None]... 5秒后重试
11:33:22 [WARNING] ⚠️ [mexc] 连接抖动: mexc GET https://api.mexc.com/api/v3/ticker/24hr... 5秒后重试
11:33:23 [WARNING] ⚠️ [okx] 连接抖动: okx GET https://www.okx.com/api/v5/market/tickers?instType=SPOT... 5秒后重试
11:33:24 [WARNING] ⚠️ [gate] 连接抖动: gate GET https://api.gateio.ws/api/v4/spot/tickers?timezone=utc0... 5秒后重试
11:33:27 [WARNING] ⚠️ [bybit] 连接抖动: bybit GET https://api.bybit.com/v5/market/tickers?category=spot... 5秒后重试
11:33:28 [WARNING] ⚠️ [binance] 连接抖动: Cannot connect to host stream.binance.com:9443 ssl:default [None]... 5秒后重试
11:33:29 [WARNING] ⚠️ [bitget] 连接抖动: bitget GET https://api.bitget.com/api/v2/spot/market/tickers... 5秒后重试
11:33:30 [WARNING] ⚠️ [kucoin] 连接抖动: Cannot connect to host ws-api-spot.kucoin.com:443 ssl:default [None]... 5秒后重试
11:33:31 [WARNING] ⚠️ [mexc] 连接抖动: mexc GET https://api.mexc.com/api/v3/ticker/24hr... 5秒后重试
11:33:32 [WARNING] ⚠️ [okx] 连接抖动: okx GET https://www.okx.com/api/v5/market/tickers?instType=SPOT... 5秒后重试
11:33:33 [WARNING] ⚠️ [gate] 连接抖动: gate GET https://api.gateio.ws/api/v4/spot/tickers?timezone=utc0... 5秒后重试
11:33:35 [WARNING] ⚠️ [bybit] 连接抖动: bybit GET https://api.bybit.com/v5/market/tickers?category=spot... 5秒后重试
11:33:36 [WARNING] ⚠️ [bitget] 连接抖动: bitget GET https://api.bitget.com/api/v2/spot/market/tickers... 5秒后重试
11:33:49 [INFO] 🔥 [机会 #3] U/USDT | mexc → bybit | 净利: 6.08% (毛利 6.40%)
   🟢 买价: 0.000688     | 可买入: 295.2 
   🔴 卖价: 0.000732     | 可卖出: 492.3 
   📊 24h量: 54682 / 103830 USDT
11:34:01 [INFO] 🔥 [机会 #4] VANRY/USDT | mexc → binance | 净利: 1.20% (毛利 1.51%)
   🟢 买价: 0.005369     | 可买入: 138.7 
   🔴 卖价: 0.00545      | 可卖出: 166.0 
   📊 24h量: 217381 / 517880 USDT
11:34:23 [INFO] 🔥 [机会 #5] VANRY/USDT | mexc → bitget | 净利: 0.97% (毛利 1.38%)
   🟢 买价: 0.005366     | 可买入: 138.7 
   🔴 卖价: 0.00544      | 可卖出: 804.6 
   📊 24h量: 217413 / 5988 USDT
11:34:29 [INFO] 🔥 [机会 #6] VANRY/USDT | mexc → bybit | 净利: 1.02% (毛利 1.32%)
   🟢 买价: 0.005369     | 可买入: 117.8 
   🔴 卖价: 0.00544      | 可卖出: 140.0 
   📊 24h量: 217413 / 19080 USDT
11:34:39 [WARNING] ⚠️ [binance] 连接抖动: Connection closed by remote server, closing code 1006... 5秒后重试
11:34:56 [INFO] 🔥 [机会 #7] U/USDT | mexc → bybit | 净利: 6.08% (毛利 6.40%)
   🟢 买价: 0.000688     | 可买入: 295.2 
   🔴 卖价: 0.000732     | 可卖出: 488.4 
   📊 24h量: 54684 / 103839 USDT
11:35:41 [INFO] 🔥 [机会 #8] VANRY/USDT | mexc → bitget | 净利: 0.88% (毛利 1.28%)
   🟢 买价: 0.005371     | 可买入: 122.0 
   🔴 卖价: 0.00544      | 可卖出: 574.4 
   📊 24h量: 217328 / 5988 USDT
11:35:48 [INFO] 🔥 [机会 #9] VANRY/USDT | mexc → bybit | 净利: 0.89% (毛利 1.19%)
   🟢 买价: 0.005371     | 可买入: 122.0 
   🔴 卖价: 0.005435     | 可卖出: 140.0 
   📊 24h量: 217328 / 19080 USDT
11:36:03 [INFO] 🔥 [机会 #10] U/USDT | mexc → bybit | 净利: 6.08% (毛利 6.40%)
   🟢 买价: 0.000688     | 可买入: 295.2 
   🔴 卖价: 0.000732     | 可卖出: 427.5 
   📊 24h量: 54682 / 103844 USDT
11:36:44 [WARNING] ⚠️ [kucoin] 连接抖动: Cannot write to closing transport... 5秒后重试
11:36:55 [INFO] 🔥 [机会 #11] VANRY/USDT | mexc → bitget | 净利: 0.82% (毛利 1.23%)
   🟢 买价: 0.005374     | 可买入: 124.2 
   🔴 卖价: 0.00544      | 可卖出: 582.3 
   📊 24h量: 217313 / 5988 USDT
11:37:21 [WARNING] ⚠️ [kucoin] 连接抖动: Connection closed by remote server, closing code 1006... 5秒后重试
11:37:40 [INFO] 🔥 [机会 #12] U/USDT | mexc → bybit | 净利: 6.22% (毛利 6.54%)
   🟢 买价: 0.000688     | 可买入: 295.2 
   🔴 卖价: 0.000733     | 可卖出: 439.8 
   📊 24h量: 54664 / 103788 USDT
11:38:34 [INFO] 正在关闭连接...
11:38:41 [INFO] 👋 再见
11:55:18 [INFO] 🔌 正在连接 7 个交易所...
11:55:21 [INFO] 🟢 binance 就绪
11:55:21 [INFO] 🟢 okx 就绪
11:55:21 [INFO] 🟢 mexc 就绪
11:55:22 [INFO] 🟢 bybit 就绪
11:55:23 [INFO] 🟢 kucoin 就绪
11:55:23 [INFO] 🟢 bitget 就绪
11:55:27 [INFO] 🟢 gate 就绪
11:55:27 [INFO] ✅ 初始化完成 | 有效交易所: 7 | 监控币种: 1424 个
11:55:27 [INFO] 🌐 Web面板已启动 → http://127.0.0.1:8000
11:55:27 [INFO] 🚀 监控引擎启动... (Ctrl+C 停止)
11:55:27 [INFO] 📡 [binance] 启动 WebSocket 全量监控
11:55:27 [INFO] 📡 [okx] 启动 WebSocket 全量监控
11:55:27 [WARNING] ⚠️ [okx] WS不可用，降级为REST
11:55:27 [INFO] ℹ️  [mexc] 使用 REST 轮询模式
11:55:27 [INFO] 📡 [bybit] 启动 WebSocket 全量监控
11:55:27 [WARNING] ⚠️ [bybit] WS不可用，降级为REST
11:55:27 [INFO] 📡 [kucoin] 启动 WebSocket 全量监控
11:55:27 [INFO] 📡 [bitget] 启动 WebSocket 全量监控
11:55:27 [WARNING] ⚠️ [bitget] WS不可用，降级为REST
11:55:27 [INFO] 📡 [gate] 启动 WebSocket 全量监控
11:55:27 [WARNING] ⚠️ [gate] WS不可用，降级为REST
11:56:18 [INFO] 🔥 [机会 #1] VANRY/USDT | mexc → bybit | 净利: 1.06% (毛利 1.36%)
   🟢 买价: 0.005364     | 可买入: 129.7 
   🔴 卖价: 0.005437     | 可卖出: 393.7 
   📊 24h量: 217178 / 19224 USDT
11:56:18 [INFO] 🔥 [机会 #2] VANRY/USDT | mexc → bitget | 净利: 1.01% (毛利 1.42%)
   🟢 买价: 0.005364     | 可买入: 129.7 
   🔴 卖价: 0.00544      | 可卖出: 564.7 
   📊 24h量: 217178 / 5937 USDT
11:56:21 [INFO] 🔥 [机会 #3] ELA/USDT | mexc → bitget | 净利: 2.09% (毛利 2.50%)
   🟢 买价: 0.599        | 可买入: 393.2 
   🔴 卖价: 0.614        | 可卖出: 102.9 
   📊 24h量: 4656 / 489779 USDT
11:57:02 [INFO] 🔥 [机会 #4] VANRY/USDT | mexc → binance | 净利: 1.34% (毛利 1.64%)
   🟢 买价: 0.005364     | 可买入: 129.7 
   🔴 卖价: 0.005452     | 可卖出: 216.1 
   📊 24h量: 217178 / 519728 USDT
11:57:21 [INFO] 🔥 [机会 #5] ELA/USDT | mexc → bitget | 净利: 2.09% (毛利 2.50%)
   🟢 买价: 0.599        | 可买入: 393.2 
   🔴 卖价: 0.614        | 可卖出: 102.9 
   📊 24h量: 4656 / 489053 USDT
11:57:30 [INFO] 🔥 [机会 #6] VANRY/USDT | mexc → bybit | 净利: 0.98% (毛利 1.29%)
   🟢 买价: 0.005359     | 可买入: 134.1 
   🔴 卖价: 0.005428     | 可卖出: 297.4 
   📊 24h量: 217221 / 19224 USDT
11:58:23 [INFO] 🔥 [机会 #7] ELA/USDT | mexc → bitget | 净利: 2.09% (毛利 2.50%)
   🟢 买价: 0.599        | 可买入: 393.2 
   🔴 卖价: 0.614        | 可卖出: 102.9 
   📊 24h量: 4656 / 488540 USDT
11:58:35 [INFO] 🔥 [机会 #8] VANRY/USDT | mexc → bybit | 净利: 1.04% (毛利 1.34%)
   🟢 买价: 0.005356     | 可买入: 143.3 
   🔴 卖价: 0.005428     | 可卖出: 193.1 
   📊 24h量: 217332 / 19337 USDT
11:59:24 [INFO] 🔥 [机会 #10] ELA/USDT | mexc → bitget | 净利: 2.09% (毛利 2.50%)
   🟢 买价: 0.599        | 可买入: 393.2 
   🔴 卖价: 0.614        | 可卖出: 102.9 
   📊 24h量: 4656 / 488202 USDT
11:59:28 [INFO] 正在关闭连接...
11:59:30 [INFO] 👋 再见
12:00:51 [INFO] 🔌 正在连接 9 个交易所...
12:00:53 [INFO] 🟢 okx 就绪
12:00:54 [INFO] 🟢 binance 就绪
12:00:55 [INFO] 🟢 mexc 就绪
12:00:55 [INFO] 🟢 bybit 就绪
12:00:56 [INFO] 🟢 htx 就绪
12:00:56 [INFO] 🟢 kucoin 就绪
12:00:56 [INFO] 🟢 bitmart 就绪
12:00:56 [ERROR] 🔴 bitget 初始化失败: bitget GET https://api.bitget.com/api/v2/spot/public/coins
12:01:00 [INFO] 🟢 gate 就绪
12:01:00 [INFO] ✅ 初始化完成 | 有效交易所: 8 | 监控币种: 1689 个
12:01:00 [INFO] 🌐 Web面板已启动 → http://127.0.0.1:8000
12:01:00 [INFO] 🚀 监控引擎启动... (Ctrl+C 停止)
12:01:00 [INFO] 📡 [okx] 启动 WebSocket 全量监控
12:01:00 [WARNING] ⚠️ [okx] WS不可用，降级为REST
12:01:00 [INFO] 📡 [binance] 启动 WebSocket 全量监控
12:01:00 [INFO] ℹ️  [mexc] 使用 REST 轮询模式
12:01:00 [INFO] 📡 [bybit] 启动 WebSocket 全量监控
12:01:00 [WARNING] ⚠️ [bybit] WS不可用，降级为REST
12:01:00 [INFO] 📡 [htx] 启动 WebSocket 全量监控
12:01:00 [WARNING] ⚠️ [htx] WS不可用，降级为REST
12:01:00 [INFO] 📡 [kucoin] 启动 WebSocket 全量监控
12:01:00 [INFO] 📡 [bitmart] 启动 WebSocket 全量监控
12:01:00 [WARNING] ⚠️ [bitmart] WS不可用，降级为REST
12:01:00 [INFO] 📡 [gate] 启动 WebSocket 全量监控
12:01:00 [WARNING] ⚠️ [gate] WS不可用，降级为REST
